<?xml version="1.0" encoding="UTF-8"?>
<testng-results ignored="0" total="1" passed="1" failed="0" skipped="0">
  <reporter-output>
  </reporter-output>
  <suite started-at="2021-08-15T15:29:26 EDT" name="Default suite" finished-at="2021-08-15T15:29:31 EDT" duration-ms="4344">
    <groups>
    </groups>
    <test started-at="2021-08-15T15:29:26 EDT" name="Default test" finished-at="2021-08-15T15:29:31 EDT" duration-ms="4344">
      <class name="variousconcepts.LearnTestNG$LearnwindowHanle">
        <test-method is-config="true" signature="readconfig()[pri:0, instance:variousconcepts.LearnTestNG$LearnwindowHanle@5f9b2141]" started-at="2021-08-15T15:29:26 EDT" name="readconfig" finished-at="2021-08-15T15:29:26 EDT" duration-ms="7" status="PASS">
          <reporter-output>
          </reporter-output>
        </test-method> <!-- readconfig -->
        <test-method is-config="true" signature="launchBrowser()[pri:0, instance:variousconcepts.LearnTestNG$LearnwindowHanle@5f9b2141]" started-at="2021-08-15T15:29:26 EDT" name="launchBrowser" finished-at="2021-08-15T15:29:29 EDT" duration-ms="2672" status="PASS">
          <reporter-output>
          </reporter-output>
        </test-method> <!-- launchBrowser -->
        <test-method signature="LoginTest()[pri:0, instance:variousconcepts.LearnTestNG$LearnwindowHanle@5f9b2141]" started-at="2021-08-15T15:29:29 EDT" name="LoginTest" finished-at="2021-08-15T15:29:31 EDT" duration-ms="1636" status="PASS">
          <reporter-output>
          </reporter-output>
        </test-method> <!-- LoginTest -->
      </class> <!-- variousconcepts.LearnTestNG$LearnwindowHanle -->
    </test> <!-- Default test -->
  </suite> <!-- Default suite -->
</testng-results>
